<?xml version="1.0" encoding="UTF-8"?>
<coverage generated="1781008864622" clover="3.2.0">
  <project timestamp="1781008864622" name="All files">
    <metrics statements="7" coveredstatements="7" conditionals="11" coveredconditionals="11" methods="3" coveredmethods="3" elements="21" coveredelements="21" complexity="0" loc="7" ncloc="7" packages="1" files="1" classes="1"/>
    <file name="agents.ts" path="C:\Users\ixion\workspace\cab\src\lib\agents.ts">
      <metrics statements="7" coveredstatements="7" conditionals="11" coveredconditionals="11" methods="3" coveredmethods="3"/>
      <line num="5" count="5" type="cond" truecount="2" falsecount="0"/>
      <line num="6" count="4" type="cond" truecount="2" falsecount="0"/>
      <line num="7" count="3" type="stmt"/>
      <line num="11" count="3" type="cond" truecount="2" falsecount="0"/>
      <line num="12" count="2" type="cond" truecount="2" falsecount="0"/>
      <line num="13" count="1" type="stmt"/>
      <line num="17" count="5" type="cond" truecount="3" falsecount="0"/>
    </file>
  </project>
</coverage>
