{"C:\\Users\\ixion\\workspace\\cab\\src\\lib\\agents.ts": {"path":"C:\\Users\\ixion\\workspace\\cab\\src\\lib\\agents.ts","statementMap":{"0":{"start":{"line":5,"column":2},"end":{"line":5,"column":null}},"1":{"start":{"line":5,"column":25},"end":{"line":5,"column":null}},"2":{"start":{"line":6,"column":2},"end":{"line":6,"column":null}},"3":{"start":{"line":6,"column":24},"end":{"line":6,"column":null}},"4":{"start":{"line":7,"column":2},"end":{"line":7,"column":null}},"5":{"start":{"line":11,"column":2},"end":{"line":11,"column":null}},"6":{"start":{"line":11,"column":25},"end":{"line":11,"column":null}},"7":{"start":{"line":12,"column":2},"end":{"line":12,"column":null}},"8":{"start":{"line":12,"column":23},"end":{"line":12,"column":null}},"9":{"start":{"line":13,"column":2},"end":{"line":13,"column":null}},"10":{"start":{"line":17,"column":2},"end":{"line":17,"column":null}}},"fnMap":{"0":{"name":"normalizeLoadedMode","decl":{"start":{"line":4,"column":16},"end":{"line":4,"column":36}},"loc":{"start":{"line":4,"column":65},"end":{"line":8,"column":null}},"line":4},"1":{"name":"modeBadgeClass","decl":{"start":{"line":10,"column":16},"end":{"line":10,"column":31}},"loc":{"start":{"line":10,"column":60},"end":{"line":14,"column":null}},"line":10},"2":{"name":"isSupportedAgentMode","decl":{"start":{"line":16,"column":16},"end":{"line":16,"column":37}},"loc":{"start":{"line":16,"column":74},"end":{"line":18,"column":null}},"line":16}},"branchMap":{"0":{"loc":{"start":{"line":5,"column":2},"end":{"line":5,"column":null}},"type":"if","locations":[{"start":{"line":5,"column":2},"end":{"line":5,"column":null}},{"start":{},"end":{}}],"line":5},"1":{"loc":{"start":{"line":6,"column":2},"end":{"line":6,"column":null}},"type":"if","locations":[{"start":{"line":6,"column":2},"end":{"line":6,"column":null}},{"start":{},"end":{}}],"line":6},"2":{"loc":{"start":{"line":11,"column":2},"end":{"line":11,"column":null}},"type":"if","locations":[{"start":{"line":11,"column":2},"end":{"line":11,"column":null}},{"start":{},"end":{}}],"line":11},"3":{"loc":{"start":{"line":12,"column":2},"end":{"line":12,"column":null}},"type":"if","locations":[{"start":{"line":12,"column":2},"end":{"line":12,"column":null}},{"start":{},"end":{}}],"line":12},"4":{"loc":{"start":{"line":17,"column":9},"end":{"line":17,"column":null}},"type":"binary-expr","locations":[{"start":{"line":17,"column":9},"end":{"line":17,"column":30}},{"start":{"line":17,"column":30},"end":{"line":17,"column":49}},{"start":{"line":17,"column":49},"end":{"line":17,"column":null}}],"line":17}},"s":{"0":5,"1":1,"2":4,"3":1,"4":3,"5":3,"6":1,"7":2,"8":2,"9":1,"10":5},"f":{"0":5,"1":3,"2":5},"b":{"0":[1,4],"1":[1,3],"2":[1,2],"3":[1,1],"4":[5,4,3]},"meta":{"lastBranch":5,"lastFunction":3,"lastStatement":11,"seen":{"f:4:16:4:36":0,"b:5:2:5:Infinity:undefined:undefined:undefined:undefined":0,"s:5:2:5:Infinity":0,"s:5:25:5:Infinity":1,"b:6:2:6:Infinity:undefined:undefined:undefined:undefined":1,"s:6:2:6:Infinity":2,"s:6:24:6:Infinity":3,"s:7:2:7:Infinity":4,"f:10:16:10:31":1,"b:11:2:11:Infinity:undefined:undefined:undefined:undefined":2,"s:11:2:11:Infinity":5,"s:11:25:11:Infinity":6,"b:12:2:12:Infinity:undefined:undefined:undefined:undefined":3,"s:12:2:12:Infinity":7,"s:12:23:12:Infinity":8,"s:13:2:13:Infinity":9,"f:16:16:16:37":2,"s:17:2:17:Infinity":10,"b:17:9:17:30:17:30:17:49:17:49:17:Infinity":4}}}
}
